mode: set
github.com\Sirikon\molly\project.go:15.39,17.2 1 1
github.com\Sirikon\molly\project.go:20.39,22.2 1 1
github.com\Sirikon\molly\project.go:25.46,27.2 1 1
github.com\Sirikon\molly\project.go:30.51,32.2 1 1
github.com\Sirikon\molly\project.go:35.44,37.2 1 1
github.com\Sirikon\molly\project.go:40.43,42.2 1 1
github.com\Sirikon\molly\project.go:46.50,50.2 1 1
github.com\Sirikon\molly\project_manager.go:17.67,21.60 2 0
github.com\Sirikon\molly\project_manager.go:27.2,27.67 1 0
github.com\Sirikon\molly\project_manager.go:31.2,31.12 1 0
github.com\Sirikon\molly\project_manager.go:21.60,23.3 1 0
github.com\Sirikon\molly\project_manager.go:23.3,25.3 1 0
github.com\Sirikon\molly\project_manager.go:27.67,29.3 1 0
github.com\Sirikon\molly\project_manager.go:36.54,37.72 1 0
github.com\Sirikon\molly\project_manager.go:40.2,40.12 1 0
github.com\Sirikon\molly\project_manager.go:37.72,39.3 1 0
github.com\Sirikon\molly\project_manager.go:45.53,46.67 1 0
github.com\Sirikon\molly\project_manager.go:49.2,49.42 1 0
github.com\Sirikon\molly\project_manager.go:46.67,48.3 1 0
github.com\Sirikon\molly\project_manager.go:53.56,55.57 1 0
github.com\Sirikon\molly\project_manager.go:59.2,64.16 5 0
github.com\Sirikon\molly\project_manager.go:68.2,68.12 1 0
github.com\Sirikon\molly\project_manager.go:55.57,57.3 1 0
github.com\Sirikon\molly\project_manager.go:64.16,66.3 1 0
github.com\Sirikon\molly\project_manager.go:72.59,75.2 2 0
github.com\Sirikon\molly\project_manager.go:78.52,81.2 2 0
github.com\Sirikon\molly\project_manager.go:84.72,87.66 2 0
github.com\Sirikon\molly\project_manager.go:93.2,95.61 2 0
github.com\Sirikon\molly\project_manager.go:99.2,99.12 1 0
github.com\Sirikon\molly\project_manager.go:87.66,89.3 1 0
github.com\Sirikon\molly\project_manager.go:89.3,91.3 1 0
github.com\Sirikon\molly\project_manager.go:95.61,97.3 1 0
github.com\Sirikon\molly\project_manager.go:103.35,107.19 3 0
github.com\Sirikon\molly\project_manager.go:110.2,110.18 1 0
github.com\Sirikon\molly\project_manager.go:107.19,109.3 1 0
github.com\Sirikon\molly\project_manager.go:114.46,116.16 2 0
github.com\Sirikon\molly\project_manager.go:119.2,119.33 1 0
github.com\Sirikon\molly\project_manager.go:116.16,118.3 1 0
github.com\Sirikon\molly\project_manager.go:123.50,125.2 1 0
github.com\Sirikon\molly\project_manager.go:128.46,132.51 2 0
github.com\Sirikon\molly\project_manager.go:138.2,138.88 1 0
github.com\Sirikon\molly\project_manager.go:142.2,142.12 1 0
github.com\Sirikon\molly\project_manager.go:132.51,134.3 1 0
github.com\Sirikon\molly\project_manager.go:134.3,136.3 1 0
github.com\Sirikon\molly\project_manager.go:138.88,140.3 1 0
github.com\Sirikon\molly\project_manager.go:146.51,148.2 1 0
github.com\Sirikon\molly\project_manager.go:151.60,153.16 2 0
github.com\Sirikon\molly\project_manager.go:156.2,156.13 1 0
github.com\Sirikon\molly\project_manager.go:153.16,155.3 1 0
github.com\Sirikon\molly\project_manager.go:159.49,161.2 1 0
github.com\Sirikon\molly\project_manager.go:163.58,165.2 1 0
github.com\Sirikon\molly\service_strategy_systemd.go:16.61,32.2 2 0
github.com\Sirikon\molly\service_strategy_systemd.go:35.62,39.16 4 0
github.com\Sirikon\molly\service_strategy_systemd.go:42.2,42.12 1 0
github.com\Sirikon\molly\service_strategy_systemd.go:39.16,41.3 1 0
github.com\Sirikon\molly\service_strategy_systemd.go:46.61,50.16 4 0
github.com\Sirikon\molly\service_strategy_systemd.go:53.2,53.12 1 0
github.com\Sirikon\molly\service_strategy_systemd.go:50.16,52.3 1 0
github.com\Sirikon\molly\service_strategy_systemd.go:57.64,61.16 4 0
github.com\Sirikon\molly\service_strategy_systemd.go:64.2,64.12 1 0
github.com\Sirikon\molly\service_strategy_systemd.go:61.16,63.3 1 0
github.com\Sirikon\molly\service.go:11.31,13.2 1 0
github.com\Sirikon\molly\service.go:16.32,18.2 1 0
github.com\Sirikon\molly\service.go:21.31,23.2 1 0
github.com\Sirikon\molly\service.go:26.34,28.2 1 0
github.com\Sirikon\molly\service_strategy.go:13.43,15.2 1 0
github.com\Sirikon\molly\cli.go:11.16,61.2 8 0
github.com\Sirikon\molly\daemon.go:13.41,16.48 2 0
github.com\Sirikon\molly\daemon.go:59.2,61.12 2 0
github.com\Sirikon\molly\daemon.go:16.48,22.23 4 0
github.com\Sirikon\molly\daemon.go:25.3,25.23 1 0
github.com\Sirikon\molly\daemon.go:31.3,31.23 1 0
github.com\Sirikon\molly\daemon.go:39.3,39.23 1 0
github.com\Sirikon\molly\daemon.go:42.3,42.23 1 0
github.com\Sirikon\molly\daemon.go:45.3,45.23 1 0
github.com\Sirikon\molly\daemon.go:48.3,48.23 1 0
github.com\Sirikon\molly\daemon.go:52.3,52.27 1 0
github.com\Sirikon\molly\daemon.go:55.3,55.10 1 0
github.com\Sirikon\molly\daemon.go:22.23,24.4 1 0
github.com\Sirikon\molly\daemon.go:25.23,26.58 1 0
github.com\Sirikon\molly\daemon.go:29.4,29.14 1 0
github.com\Sirikon\molly\daemon.go:26.58,28.5 1 0
github.com\Sirikon\molly\daemon.go:31.23,33.18 2 0
github.com\Sirikon\molly\daemon.go:36.4,37.14 2 0
github.com\Sirikon\molly\daemon.go:33.18,35.5 1 0
github.com\Sirikon\molly\daemon.go:39.23,41.4 1 0
github.com\Sirikon\molly\daemon.go:42.23,44.4 1 0
github.com\Sirikon\molly\daemon.go:45.23,47.4 1 0
github.com\Sirikon\molly\daemon.go:48.23,51.4 2 0
github.com\Sirikon\molly\daemon.go:52.27,54.4 1 0
github.com\Sirikon\molly\main.go:8.13,11.2 2 0
github.com\Sirikon\molly\project_actions.go:9.53,11.23 2 0
github.com\Sirikon\molly\project_actions.go:15.2,15.13 1 0
github.com\Sirikon\molly\project_actions.go:11.23,14.3 2 0
github.com\Sirikon\molly\project_actions.go:19.45,20.35 1 0
github.com\Sirikon\molly\project_actions.go:24.2,29.16 4 0
github.com\Sirikon\molly\project_actions.go:33.2,38.58 2 0
github.com\Sirikon\molly\project_actions.go:41.2,41.63 1 0
github.com\Sirikon\molly\project_actions.go:44.2,44.56 1 0
github.com\Sirikon\molly\project_actions.go:47.2,47.54 1 0
github.com\Sirikon\molly\project_actions.go:52.2,52.50 1 0
github.com\Sirikon\molly\project_actions.go:56.2,58.12 2 0
github.com\Sirikon\molly\project_actions.go:20.35,22.3 1 0
github.com\Sirikon\molly\project_actions.go:29.16,31.3 1 0
github.com\Sirikon\molly\project_actions.go:38.58,40.3 1 0
github.com\Sirikon\molly\project_actions.go:41.63,43.3 1 0
github.com\Sirikon\molly\project_actions.go:44.56,46.3 1 0
github.com\Sirikon\molly\project_actions.go:47.54,51.3 3 0
github.com\Sirikon\molly\project_actions.go:52.50,54.3 1 0
github.com\Sirikon\molly\project_actions.go:61.62,63.23 2 0
github.com\Sirikon\molly\project_actions.go:67.2,67.13 1 0
github.com\Sirikon\molly\project_actions.go:63.23,66.3 2 0
github.com\Sirikon\molly\project_actions.go:71.54,72.44 1 0
github.com\Sirikon\molly\project_actions.go:76.2,81.12 5 0
github.com\Sirikon\molly\project_actions.go:72.44,74.3 1 0
github.com\Sirikon\molly\promise.go:16.46,19.2 2 0
github.com\Sirikon\molly\promise.go:22.48,25.2 2 0
github.com\Sirikon\molly\promise.go:28.25,30.72 2 0
github.com\Sirikon\molly\promise.go:33.2,33.23 1 0
github.com\Sirikon\molly\promise.go:30.72,32.3 1 0
github.com\Sirikon\molly\promise.go:33.23,35.3 1 0
